<?xml version="1.0" encoding="UTF-8"?>
<!-- Generated by org.testng.reporters.JUnitReportReporter -->
<testsuite hostname="LAPTOP-NT3Q1KMT" failures="0" tests="4" name="com.digitalresumebuilder.test.TestClassProfile" time="9.812" errors="0" timestamp="2024-01-06T10:21:43 IST" skipped="0">
  <testcase classname="com.digitalresumebuilder.test.TestClassProfile" name="verifyMyprofile" time="0.810"/>
  <system-out/>
  <testcase classname="com.digitalresumebuilder.test.TestClassProfile" name="verifycreateprofilenow" time="1.200"/>
  <system-out/>
  <testcase classname="com.digitalresumebuilder.test.TestClassProfile" name="verifycreate" time="6.019"/>
  <system-out/>
  <testcase classname="com.digitalresumebuilder.test.TestClassProfile" name="verifytemplate" time="1.783"/>
  <system-out/>
</testsuite> <!-- com.digitalresumebuilder.test.TestClassProfile -->
