<?xml version="1.0" encoding="UTF-8"?>
<!-- Generated by org.testng.reporters.JUnitReportReporter -->
<testsuite hostname="LAPTOP-NT3Q1KMT" failures="0" tests="5" name="com.digitalresumebuilder.test.TestClassProfile" time="10.077" errors="0" timestamp="2024-01-07T17:57:09 IST" skipped="0">
  <testcase classname="com.digitalresumebuilder.test.TestClassProfile" name="verifyMyprofile" time="0.754"/>
  <system-out/>
  <testcase classname="com.digitalresumebuilder.test.TestClassProfile" name="verifycreateprofilenow" time="1.268"/>
  <system-out/>
  <testcase classname="com.digitalresumebuilder.test.TestClassProfile" name="verifycreate" time="6.047"/>
  <system-out/>
  <testcase classname="com.digitalresumebuilder.test.TestClassProfile" name="verifytemplate" time="1.006"/>
  <system-out/>
  <testcase classname="com.digitalresumebuilder.test.TestClassProfile" name="verifyweblink" time="1.002"/>
  <system-out/>
</testsuite> <!-- com.digitalresumebuilder.test.TestClassProfile -->
