<?xml version="1.0" encoding="UTF-8"?>
<!-- Generated by org.testng.reporters.JUnitReportReporter -->


<testsuite hostname="Abhi_PC" failures="0" tests="1" name="com.digitalresumebuilder.test.TestEdit" time="35.683" errors="0" timestamp="2024-01-06T16:27:28 IST" skipped="0">
  <testcase classname="com.digitalresumebuilder.test.TestEdit" name="editprofile" time="35.683"/>

  <system-out/>
</testsuite> <!-- com.digitalresumebuilder.test.TestEdit -->
