<?xml version="1.0" encoding="UTF-8"?>
<!-- Generated by org.testng.reporters.JUnitReportReporter -->
<testsuite hostname="Abhi_PC" failures="0" tests="1" name="com.digitalresumebuilder.test.TestMyProfile" time="23.512" errors="0" timestamp="2024-01-05T22:40:29 IST" skipped="0">
  <testcase classname="com.digitalresumebuilder.test.TestMyProfile" name="profiletestcase1" time="23.512"/>
  <system-out/>
</testsuite> <!-- com.digitalresumebuilder.test.TestMyProfile -->
